<?xml version="1.0" encoding="UTF-8"?>
<testng-results ignored="0" total="1" passed="1" failed="0" skipped="0">
  <reporter-output>
  </reporter-output>
  <suite started-at="2024-02-28T15:21:38 IST" name="Suite" finished-at="2024-02-28T15:21:42 IST" duration-ms="3382">
    <groups>
    </groups>
    <test started-at="2024-02-28T15:21:38 IST" name="Test" finished-at="2024-02-28T15:21:42 IST" duration-ms="3382">
      <class name="DataDriven.ReadData">
        <test-method signature="fblogin()[pri:0, instance:DataDriven.ReadData@732c2a62]" started-at="2024-02-28T15:21:38 IST" name="fblogin" finished-at="2024-02-28T15:21:42 IST" duration-ms="3344" status="PASS">
          <reporter-output>
          </reporter-output>
        </test-method> <!-- fblogin -->
      </class> <!-- DataDriven.ReadData -->
    </test> <!-- Test -->
  </suite> <!-- Suite -->
</testng-results>
