<?xml version="1.0" encoding="UTF-8"?>
<testng-results ignored="0" total="1" passed="1" failed="0" skipped="0">
  <reporter-output>
  </reporter-output>
  <suite started-at="2024-02-27T08:39:37Z" name="Default suite" finished-at="2024-02-27T08:39:46Z" duration-ms="8913">
    <groups>
    </groups>
    <test started-at="2024-02-27T08:39:37Z" name="Default test" finished-at="2024-02-27T08:39:46Z" duration-ms="8913">
      <class name="DataDriven.WriteExcel">
        <test-method signature="fblogin()[pri:0, instance:DataDriven.WriteExcel@2e48362c]" started-at="2024-02-27T14:09:37Z" name="fblogin" finished-at="2024-02-27T14:09:46Z" duration-ms="8884" status="PASS">
          <reporter-output>
          </reporter-output>
        </test-method> <!-- fblogin -->
      </class> <!-- DataDriven.WriteExcel -->
    </test> <!-- Default test -->
  </suite> <!-- Default suite -->
</testng-results>
